c:\flavia\scoala\an3 sem 2\lftc\atomc\atomc\x64\debug\vc143.pdb
c:\flavia\scoala\an3 sem 2\lftc\atomc\atomc\x64\debug\vc143.idb
c:\flavia\scoala\an3 sem 2\lftc\atomc\atomc\x64\debug\utils.obj
c:\flavia\scoala\an3 sem 2\lftc\atomc\atomc\x64\debug\vm.obj
c:\flavia\scoala\an3 sem 2\lftc\atomc\atomc\x64\debug\testgc.obj
c:\flavia\scoala\an3 sem 2\lftc\atomc\atomc\x64\debug\parser.obj
c:\flavia\scoala\an3 sem 2\lftc\atomc\atomc\x64\debug\lexer.obj
c:\flavia\scoala\an3 sem 2\lftc\atomc\atomc\x64\debug\gc.obj
c:\flavia\scoala\an3 sem 2\lftc\atomc\atomc\x64\debug\atomc.obj
c:\flavia\scoala\an3 sem 2\lftc\atomc\atomc\x64\debug\at.obj
c:\flavia\scoala\an3 sem 2\lftc\atomc\atomc\x64\debug\ad.obj
c:\flavia\scoala\an3 sem 2\lftc\atomc\x64\debug\atomc.exe
c:\flavia\scoala\an3 sem 2\lftc\atomc\x64\debug\atomc.pdb
c:\flavia\scoala\an3 sem 2\lftc\atomc\atomc\x64\debug\atomc.ilk
c:\flavia\scoala\an3 sem 2\lftc\atomc\atomc\x64\debug\atomc.tlog\cl.command.1.tlog
c:\flavia\scoala\an3 sem 2\lftc\atomc\atomc\x64\debug\atomc.tlog\cl.items.tlog
c:\flavia\scoala\an3 sem 2\lftc\atomc\atomc\x64\debug\atomc.tlog\cl.read.1.tlog
c:\flavia\scoala\an3 sem 2\lftc\atomc\atomc\x64\debug\atomc.tlog\cl.write.1.tlog
c:\flavia\scoala\an3 sem 2\lftc\atomc\atomc\x64\debug\atomc.tlog\link.command.1.tlog
c:\flavia\scoala\an3 sem 2\lftc\atomc\atomc\x64\debug\atomc.tlog\link.read.1.tlog
c:\flavia\scoala\an3 sem 2\lftc\atomc\atomc\x64\debug\atomc.tlog\link.secondary.1.tlog
c:\flavia\scoala\an3 sem 2\lftc\atomc\atomc\x64\debug\atomc.tlog\link.write.1.tlog
